<?xml version="1.0" encoding="UTF-8"?>
<testng-results skipped="0" failed="0" ignored="0" total="1" passed="1">
  <reporter-output>
  </reporter-output>
  <suite name="Default suite" duration-ms="71551" started-at="2019-06-19T09:42:40Z" finished-at="2019-06-19T09:43:52Z">
    <groups>
    </groups>
    <test name="Default test" duration-ms="71551" started-at="2019-06-19T09:42:40Z" finished-at="2019-06-19T09:43:52Z">
      <class name="com.goibibo.Web.Goibibo_Desktop1.International_Hotel">
        <test-method status="PASS" signature="f()[pri:0, instance:com.goibibo.Web.Goibibo_Desktop1.International_Hotel@4cc0edeb]" name="f" duration-ms="71529" started-at="2019-06-19T09:42:40Z" finished-at="2019-06-19T09:43:52Z">
          <reporter-output>
          </reporter-output>
        </test-method> <!-- f -->
      </class> <!-- com.goibibo.Web.Goibibo_Desktop1.International_Hotel -->
    </test> <!-- Default test -->
  </suite> <!-- Default suite -->
</testng-results>
